c:\users\hive\desktop\isometric\isometric\x64\release\vc142.pdb
c:\users\hive\desktop\isometric\isometric\x64\release\weather.obj
c:\users\hive\desktop\isometric\isometric\x64\release\timer.obj
c:\users\hive\desktop\isometric\isometric\x64\release\texture.obj
c:\users\hive\desktop\isometric\isometric\x64\release\tile.obj
c:\users\hive\desktop\isometric\isometric\x64\release\main.obj
c:\users\hive\desktop\isometric\isometric\x64\release\rain.obj
c:\users\hive\desktop\isometric\isometric\x64\release\snow.obj
c:\users\hive\desktop\isometric\isometric\x64\release\pathfinding.obj
c:\users\hive\desktop\isometric\isometric\x64\release\camera.obj
c:\users\hive\desktop\isometric\isometric\x64\release\character.obj
c:\users\hive\desktop\isometric\isometric\x64\release\enemy.obj
c:\users\hive\desktop\isometric\isometric\x64\release\friendly.obj
c:\users\hive\desktop\isometric\isometric\x64\release\gamehandler.obj
c:\users\hive\desktop\isometric\x64\release\isometric.ipdb
c:\users\hive\desktop\isometric\x64\release\isometric.iobj
c:\users\hive\desktop\isometric\x64\release\isometric.exe
c:\users\hive\desktop\isometric\x64\release\isometric.pdb
c:\users\hive\desktop\isometric\isometric\x64\release\isometric.tlog\cl.command.1.tlog
c:\users\hive\desktop\isometric\isometric\x64\release\isometric.tlog\cl.read.1.tlog
c:\users\hive\desktop\isometric\isometric\x64\release\isometric.tlog\cl.write.1.tlog
c:\users\hive\desktop\isometric\isometric\x64\release\isometric.tlog\isometric.write.1u.tlog
c:\users\hive\desktop\isometric\isometric\x64\release\isometric.tlog\link.command.1.tlog
c:\users\hive\desktop\isometric\isometric\x64\release\isometric.tlog\link.read.1.tlog
c:\users\hive\desktop\isometric\isometric\x64\release\isometric.tlog\link.write.1.tlog
